Build started 2/1/2020 9:15:11 PM.
     1>Project "D:\VulkanSDK\gameframework2d\src\ConsoleApplication1\ConsoleApplication1.vcxproj" on node 2 (Build target(s)).
     1>Link:
         C:\Program Files (x86)\Microsoft Visual Studio 12.0\VC\bin\link.exe /ERRORREPORT:PROMPT /OUT:"D:\VulkanSDK\gameframework2d\src\ConsoleApplication1\Debug\ConsoleApplication1.exe" /INCREMENTAL /NOLOGO SDL2.lib SDL2_ttf.lib SDL2_mixer.lib SDL2_image.lib kernel32.lib user32.lib gdi32.lib winspool.lib comdlg32.lib advapi32.lib shell32.lib ole32.lib oleaut32.lib uuid.lib odbc32.lib odbccp32.lib /MANIFEST /MANIFESTUAC:"level='asInvoker' uiAccess='false'" /manifest:embed /DEBUG /PDB:"D:\VulkanSDK\gameframework2d\src\ConsoleApplication1\Debug\ConsoleApplication1.pdb" /SUBSYSTEM:CONSOLE /TLBID:1 /DYNAMICBASE /NXCOMPAT /IMPLIB:"D:\VulkanSDK\gameframework2d\src\ConsoleApplication1\Debug\ConsoleApplication1.lib" /MACHINE:X86 Debug\simple_json.obj
         Debug\simple_json_array.obj
         Debug\simple_json_error.obj
         Debug\simple_json_list.obj
         Debug\simple_json_object.obj
         Debug\simple_json_parse.obj
         Debug\simple_json_string.obj
         Debug\simple_logger.obj
         Debug\gfc_audio.obj
         Debug\gfc_callbacks.obj
         Debug\gfc_input.obj
         Debug\gfc_list.obj
         Debug\gfc_matrix.obj
         Debug\gfc_text.obj
         Debug\gfc_types.obj
         Debug\gfc_vector.obj
         Debug\game.obj
         Debug\gf2d_draw.obj
         Debug\gf2d_graphics.obj
         Debug\gf2d_sprite.obj
     1>MSVCRTD.lib(crtexe.obj) : error LNK2019: unresolved external symbol _main referenced in function ___tmainCRTStartup
     1>D:\VulkanSDK\gameframework2d\src\ConsoleApplication1\Debug\ConsoleApplication1.exe : fatal error LNK1120: 1 unresolved externals
     1>Done Building Project "D:\VulkanSDK\gameframework2d\src\ConsoleApplication1\ConsoleApplication1.vcxproj" (Build target(s)) -- FAILED.

Build FAILED.

Time Elapsed 00:00:00.26
