d:\vulkansdk\gameframework2d\src\gf3d2d\debug\vc120.pdb
d:\vulkansdk\gameframework2d\src\gf3d2d\debug\vc120.idb
d:\vulkansdk\gameframework2d\src\gf3d2d\debug\simple_json_error.obj
d:\vulkansdk\gameframework2d\src\gf3d2d\debug\simple_json_list.obj
d:\vulkansdk\gameframework2d\src\gf3d2d\debug\simple_json_object.obj
d:\vulkansdk\gameframework2d\src\gf3d2d\debug\simple_json_parse.obj
d:\vulkansdk\gameframework2d\src\gf3d2d\debug\simple_json_string.obj
d:\vulkansdk\gameframework2d\src\gf3d2d\debug\simple_logger.obj
d:\vulkansdk\gameframework2d\src\gf3d2d\debug\gfc_audio.obj
d:\vulkansdk\gameframework2d\src\gf3d2d\debug\gfc_callbacks.obj
d:\vulkansdk\gameframework2d\src\gf3d2d\debug\gfc_input.obj
d:\vulkansdk\gameframework2d\src\gf3d2d\debug\gfc_list.obj
d:\vulkansdk\gameframework2d\src\gf3d2d\debug\gfc_matrix.obj
d:\vulkansdk\gameframework2d\src\gf3d2d\debug\gfc_text.obj
d:\vulkansdk\gameframework2d\src\gf3d2d\debug\gfc_types.obj
d:\vulkansdk\gameframework2d\src\gf3d2d\debug\gfc_vector.obj
d:\vulkansdk\gameframework2d\src\gf3d2d\debug\gf2d_draw.obj
d:\vulkansdk\gameframework2d\src\gf3d2d\debug\gf2d_graphics.obj
d:\vulkansdk\gameframework2d\src\gf3d2d\debug\gf2d_sprite.obj
d:\vulkansdk\gameframework2d\src\gf3d2d\debug\player_unit.obj
d:\vulkansdk\gameframework2d\src\gf3d2d\debug\user_interface.obj
d:\vulkansdk\gameframework2d\src\gf3d2d\debug\simple_json.obj
d:\vulkansdk\gameframework2d\src\gf3d2d\debug\simple_json_array.obj
d:\vulkansdk\gameframework2d\src\gf3d2d\debug\game.obj
d:\vulkansdk\gameframework2d\gf3d2d.ilk
d:\vulkansdk\gameframework2d\gf3d2d.exe
d:\vulkansdk\gameframework2d\gf3d2d.pdb
d:\vulkansdk\gameframework2d\src\gf3d2d\debug\gf3d2d.tlog\cl.command.1.tlog
d:\vulkansdk\gameframework2d\src\gf3d2d\debug\gf3d2d.tlog\cl.read.1.tlog
d:\vulkansdk\gameframework2d\src\gf3d2d\debug\gf3d2d.tlog\cl.write.1.tlog
d:\vulkansdk\gameframework2d\src\gf3d2d\debug\gf3d2d.tlog\link.command.1.tlog
d:\vulkansdk\gameframework2d\src\gf3d2d\debug\gf3d2d.tlog\link.read.1.tlog
d:\vulkansdk\gameframework2d\src\gf3d2d\debug\gf3d2d.tlog\link.write.1.tlog
