Build started 2/5/2020 10:02:00 AM.
     1>Project "D:\VulkanSDK\gameframework2d\src\GF3D2d\GF3D2d.vcxproj" on node 2 (Build target(s)).
     1>C:\Program Files (x86)\MSBuild\Microsoft.Cpp\v4.0\V120\Microsoft.CppBuild.targets(357,5): warning MSB8004: Output Directory does not end with a trailing slash.  This build instance will add the slash as it is required to allow proper evaluation of the Output Directory.
     1>Link:
         C:\Program Files (x86)\Microsoft Visual Studio 12.0\VC\bin\link.exe /ERRORREPORT:PROMPT /OUT:"D:\VulkanSDK\gameframework2d\GF3D2d.exe" /INCREMENTAL /NOLOGO SDL2.lib SDL2main.lib SDL2test.lib SDL2_ttf.lib SDL2_mixer.lib SDL2_image.lib kernel32.lib user32.lib gdi32.lib winspool.lib comdlg32.lib advapi32.lib shell32.lib ole32.lib oleaut32.lib uuid.lib odbc32.lib odbccp32.lib /MANIFEST /MANIFESTUAC:"level='asInvoker' uiAccess='false'" /manifest:embed /DEBUG /PDB:"D:\VulkanSDK\gameframework2d\GF3D2d.pdb" /SUBSYSTEM:CONSOLE /TLBID:1 /DYNAMICBASE /NXCOMPAT /IMPLIB:"D:\VulkanSDK\gameframework2d\GF3D2d.lib" /MACHINE:X86 Debug\simple_json.obj
         Debug\simple_json_array.obj
         Debug\simple_json_error.obj
         Debug\simple_json_list.obj
         Debug\simple_json_object.obj
         Debug\simple_json_parse.obj
         Debug\simple_json_string.obj
         Debug\simple_logger.obj
         Debug\gfc_audio.obj
         Debug\gfc_callbacks.obj
         Debug\gfc_input.obj
         Debug\gfc_list.obj
         Debug\gfc_matrix.obj
         Debug\gfc_text.obj
         Debug\gfc_types.obj
         Debug\gfc_vector.obj
         Debug\game.obj
         Debug\gf2d_draw.obj
         Debug\gf2d_graphics.obj
         Debug\gf2d_sprite.obj
         GF3D2d.vcxproj -> D:\VulkanSDK\gameframework2d\GF3D2d.exe
     1>Done Building Project "D:\VulkanSDK\gameframework2d\src\GF3D2d\GF3D2d.vcxproj" (Build target(s)).

Build succeeded.

Time Elapsed 00:00:01.56
